[2026-02-11 17:04:35] Event: product.created id=evt_1Szgq7EClVBiBiKMr9r5xORJ
[2026-02-11 17:04:36] Event: price.created id=evt_1Szgq7EClVBiBiKMJiyuwWqU
[2026-02-11 17:04:38] Event: charge.succeeded id=evt_3Szgq9EClVBiBiKM0a01h0ZT
[2026-02-11 17:04:38] Event: payment_intent.succeeded id=evt_3Szgq9EClVBiBiKM0fAgqz4x
[2026-02-11 17:04:38] Event: payment_intent.created id=evt_3Szgq9EClVBiBiKM0rCR5Ru7
[2026-02-11 17:04:38] Event: checkout.session.completed id=evt_1SzgqAEClVBiBiKMbL1SbQKY
[2026-02-11 17:04:38] Saved order: UNKNOWN status=paid amount=3000 usd
[2026-02-11 17:04:40] Event: charge.updated id=evt_3Szgq9EClVBiBiKM0W9ias9u
[2026-02-11 21:23:53] Event: charge.succeeded id=evt_3Szkt2EClVBiBiKM06DZgRwk
[2026-02-11 21:23:53] Event: payment_intent.succeeded id=evt_3Szkt2EClVBiBiKM0Z4KHTF7
[2026-02-11 21:23:54] Event: checkout.session.completed id=evt_1Szkt3EClVBiBiKMzdeLZ4iy
[2026-02-11 21:23:54] Saved order: ORDER-1770844965 status=paid amount=1000 cad
[2026-02-11 21:23:54] Event: payment_intent.created id=evt_3Szkt2EClVBiBiKM0wRAYEbR
[2026-02-11 21:23:56] Event: charge.updated id=evt_3Szkt2EClVBiBiKM0yVCFgRo
[2026-02-12 00:50:52] Invalid signature
[2026-02-16 17:05:42] Event: charge.succeeded id=evt_3T1VEvEClVBiBiKM1EsOVzMI
[2026-02-16 17:05:42] Event: payment_intent.succeeded id=evt_3T1VEvEClVBiBiKM18hNywDG
[2026-02-16 17:05:43] Event: payment_intent.created id=evt_3T1VEvEClVBiBiKM1IW1Xl7X
[2026-02-16 17:05:43] Event: checkout.session.completed id=evt_1T1VEwEClVBiBiKMNvHdgIp1
[2026-02-16 17:05:43] Saved order: ORDER-1771261467 status=paid amount=1000 cad
[2026-02-16 17:05:45] Event: charge.updated id=evt_3T1VEvEClVBiBiKM1CTBEjd6
[2026-02-16 17:12:35] Event: charge.succeeded id=evt_3T1VLZEClVBiBiKM0W8fu1qB
[2026-02-16 17:12:35] Event: checkout.session.completed id=evt_1T1VLbEClVBiBiKMBa9hzIu7
[2026-02-16 17:12:35] Saved order: ORDER-1771261890 status=paid amount=1000 cad
[2026-02-16 17:12:36] Event: payment_intent.succeeded id=evt_3T1VLZEClVBiBiKM0vBXJ9Pj
[2026-02-16 17:12:36] Event: payment_intent.created id=evt_3T1VLZEClVBiBiKM0trsJ7HO
[2026-02-16 17:12:38] Event: charge.updated id=evt_3T1VLZEClVBiBiKM0CIYGtcQ
[2026-02-16 17:12:56] Invalid signature
[2026-02-16 21:56:48] Event: charge.succeeded id=evt_3T1ZmcEClVBiBiKM1bB7GczB
[2026-02-16 21:56:48] Event: checkout.session.completed id=evt_1T1ZmeEClVBiBiKMakvmKulx
[2026-02-16 21:56:48] Saved order: ORDER-1771278965 status=paid amount=1000 cad
[2026-02-16 21:56:48] Event: payment_intent.succeeded id=evt_3T1ZmcEClVBiBiKM13s6frut
[2026-02-16 21:56:48] Event: payment_intent.created id=evt_3T1ZmcEClVBiBiKM1oYorS5V
[2026-02-16 21:56:50] Event: charge.updated id=evt_3T1ZmcEClVBiBiKM1nLnV0Fb
